[15:47:27] [main/DEBUG] [FML/]: Injecting tracing printstreams for STDOUT/STDERR.
[15:47:27] [main/INFO] [FML/]: Forge Mod Loader version 7.99.40.1614 for Minecraft 1.7.10 loading
[15:47:27] [main/INFO] [FML/]: Java is OpenJDK 64-Bit Server VM, version 1.8.0_352, running on Linux:amd64:6.0.9-arch1-1, installed at /usr/lib/jvm/java-8-openjdk/jre
[15:47:27] [main/DEBUG] [FML/]: Java classpath at launch is technic_gt_new_horizons_2.2.0.0hf.jar
[15:47:27] [main/DEBUG] [FML/]: Java library path at launch is /usr/java/packages/lib/amd64:/usr/lib64:/lib64:/lib:/usr/lib
[15:47:27] [main/DEBUG] [FML/]: Enabling runtime deobfuscation
[15:47:27] [main/DEBUG] [FML/]: Instantiating coremod class FMLCorePlugin
[15:47:27] [main/DEBUG] [FML/]: Added access transformer class cpw.mods.fml.common.asm.transformers.AccessTransformer to enqueued access transformers
[15:47:27] [main/DEBUG] [FML/]: Enqueued coremod FMLCorePlugin
[15:47:27] [main/DEBUG] [FML/]: Instantiating coremod class FMLForgePlugin
[15:47:27] [main/DEBUG] [FML/]: Added access transformer class net.minecraftforge.transformers.ForgeAccessTransformer to enqueued access transformers
[15:47:27] [main/DEBUG] [FML/]: Enqueued coremod FMLForgePlugin
[15:47:27] [main/DEBUG] [FML/]: All fundamental core mods are successfully located
[15:47:27] [main/DEBUG] [FML/]: Attempting to load commandline specified mods, relative to /home/akko/gtnewhorizonsbackup/.
[15:47:27] [main/DEBUG] [FML/]: Discovering coremods
[15:47:27] [main/INFO] [LaunchWrapper/]: Loading tweak class name cpw.mods.fml.common.launcher.FMLInjectionAndSortingTweaker
[15:47:27] [main/INFO] [LaunchWrapper/]: Loading tweak class name cpw.mods.fml.common.launcher.FMLDeobfTweaker
[15:47:27] [main/INFO] [LaunchWrapper/]: Calling tweak class cpw.mods.fml.common.launcher.FMLInjectionAndSortingTweaker
[15:47:27] [main/INFO] [LaunchWrapper/]: Calling tweak class cpw.mods.fml.common.launcher.FMLInjectionAndSortingTweaker
[15:47:27] [main/INFO] [LaunchWrapper/]: Calling tweak class cpw.mods.fml.relauncher.CoreModManager$FMLPluginWrapper
[15:47:27] [main/DEBUG] [FML/]: Injecting coremod FMLCorePlugin {cpw.mods.fml.relauncher.FMLCorePlugin} class transformers
[15:47:27] [main/TRACE] [FML/]: Registering transformer cpw.mods.fml.common.asm.transformers.MarkerTransformer
[15:47:27] [main/TRACE] [FML/]: Registering transformer cpw.mods.fml.common.asm.transformers.SideTransformer
[15:47:27] [main/TRACE] [FML/]: Registering transformer cpw.mods.fml.common.asm.transformers.EventSubscriptionTransformer
[15:47:27] [main/DEBUG] [FML/]: Injection complete
[15:47:27] [main/DEBUG] [FML/]: Running coremod plugin for FMLCorePlugin {cpw.mods.fml.relauncher.FMLCorePlugin}
[15:47:27] [main/DEBUG] [FML/]: Running coremod plugin FMLCorePlugin
[15:47:28] [main/DEBUG] [FML/]: Read 527 binary patches
[15:47:29] [main/INFO] [FML/]: Found valid fingerprint for Minecraft Forge. Certificate fingerprint e3c3d50c7c986df74c645c0ac54639741c90a557
[15:47:29] [main/DEBUG] [FML/]: Coremod plugin class FMLCorePlugin run successfully
[15:47:29] [main/INFO] [LaunchWrapper/]: Calling tweak class cpw.mods.fml.relauncher.CoreModManager$FMLPluginWrapper
[15:47:29] [main/DEBUG] [FML/]: Injecting coremod FMLForgePlugin {net.minecraftforge.classloading.FMLForgePlugin} class transformers
[15:47:29] [main/TRACE] [FML/]: Registering transformer net.minecraftforge.classloading.FluidIdTransformer
[15:47:29] [main/DEBUG] [FML/]: Injection complete
[15:47:29] [main/DEBUG] [FML/]: Running coremod plugin for FMLForgePlugin {net.minecraftforge.classloading.FMLForgePlugin}
[15:47:29] [main/DEBUG] [FML/]: Running coremod plugin FMLForgePlugin
[15:47:29] [main/DEBUG] [FML/]: Coremod plugin class FMLForgePlugin run successfully
[15:47:29] [main/INFO] [LaunchWrapper/]: Calling tweak class cpw.mods.fml.common.launcher.FMLDeobfTweaker
[15:47:29] [main/DEBUG] [FML/]: Loaded 57 rules from AccessTransformer config file fml_at.cfg
[15:47:29] [main/DEBUG] [FML/]: Loaded 89 rules from AccessTransformer config file forge_at.cfg
[15:47:29] [main/DEBUG] [FML/]: Validating minecraft
[15:47:29] [main/DEBUG] [FML/]: Minecraft validated, launching...
[15:47:29] [main/INFO] [LaunchWrapper/]: Loading tweak class name cpw.mods.fml.common.launcher.TerminalTweaker
[15:47:29] [main/INFO] [LaunchWrapper/]: Calling tweak class cpw.mods.fml.common.launcher.TerminalTweaker
[15:47:30] [main/INFO] [LaunchWrapper/]: Launching wrapped minecraft {net.minecraft.server.MinecraftServer}
