11/28/22 10:59 AM;RIGHT_CLICK_BLOCK;Mr_Flourence;DIM:0;-705;65;398;|;-70;6;39
11/28/22 10:59 AM;LEFT_CLICK_BLOCK;Mr_Flourence;DIM:0;-705;63;402;|;-70;6;40
11/28/22 10:59 AM;RIGHT_CLICK_BLOCK;Mr_Flourence;DIM:0;-705;63;402;|;-70;6;40
11/28/22 10:59 AM;RIGHT_CLICK_BLOCK;Mr_Flourence;DIM:0;-709;63;406;|;-70;6;40
11/28/22 10:59 AM;RIGHT_CLICK_BLOCK;Mr_Flourence;DIM:0;-710;63;406;|;-71;6;40
11/28/22 10:59 AM;RIGHT_CLICK_BLOCK;Mr_Flourence;DIM:0;-708;63;406;|;-70;6;40
11/28/22 10:59 AM;RIGHT_CLICK_BLOCK;Mr_Flourence;DIM:0;-710;63;406;|;-71;6;40
11/28/22 10:59 AM;RIGHT_CLICK_BLOCK;Mr_Flourence;DIM:0;-710;64;410;|;-71;6;41
11/28/22 10:59 AM;RIGHT_CLICK_BLOCK;Mr_Flourence;DIM:0;-710;63;410;|;-71;6;41
11/28/22 10:59 AM;RIGHT_CLICK_BLOCK;Mr_Flourence;DIM:0;-707;64;409;|;-70;6;40
11/28/22 10:59 AM;RIGHT_CLICK_BLOCK;Mr_Flourence;DIM:0;-707;63;408;|;-70;6;40
11/28/22 10:59 AM;RIGHT_CLICK_BLOCK;Mr_Flourence;DIM:0;-707;63;409;|;-70;6;40
11/28/22 11:00 AM;RIGHT_CLICK_BLOCK;Mr_Flourence;DIM:0;-705;64;399;|;-70;6;39
11/28/22 11:00 AM;LEFT_CLICK_BLOCK;Mr_Flourence;DIM:0;-705;65;398;|;-70;6;39
11/28/22 11:00 AM;LEFT_CLICK_BLOCK;Mr_Flourence;DIM:0;-705;65;398;|;-70;6;39
11/28/22 11:00 AM;RIGHT_CLICK_BLOCK;Mr_Flourence;DIM:0;-708;63;406;|;-70;6;40
11/28/22 11:00 AM;LEFT_CLICK_BLOCK;Mr_Flourence;DIM:0;-705;65;398;|;-70;6;39
11/28/22 11:00 AM;RIGHT_CLICK_BLOCK;Mr_Flourence;DIM:0;-710;63;406;|;-71;6;40
11/28/22 11:00 AM;LEFT_CLICK_BLOCK;Mr_Flourence;DIM:0;-711;64;408;|;-71;6;40
11/28/22 11:00 AM;LEFT_CLICK_BLOCK;Mr_Flourence;DIM:0;-711;64;409;|;-71;6;40
11/28/22 11:00 AM;LEFT_CLICK_BLOCK;Mr_Flourence;DIM:0;-711;64;410;|;-71;6;41
11/28/22 11:00 AM;RIGHT_CLICK_BLOCK;Mr_Flourence;DIM:0;-711;64;410;|;-71;6;41
11/28/22 11:00 AM;RIGHT_CLICK_BLOCK;Mr_Flourence;DIM:0;-710;64;410;|;-71;6;41
11/28/22 11:00 AM;RIGHT_CLICK_BLOCK;Mr_Flourence;DIM:0;-710;63;410;|;-71;6;41
11/28/22 11:00 AM;RIGHT_CLICK_BLOCK;Mr_Flourence;DIM:0;-707;63;409;|;-70;6;40
11/28/22 11:00 AM;RIGHT_CLICK_BLOCK;Mr_Flourence;DIM:0;-725;64;379;|;-72;6;37
11/28/22 11:00 AM;RIGHT_CLICK_BLOCK;Mr_Flourence;DIM:0;-722;65;375;|;-72;6;37
11/28/22 11:00 AM;RIGHT_CLICK_BLOCK;Mr_Flourence;DIM:0;-721;64;375;|;-72;6;37
11/28/22 11:01 AM;RIGHT_CLICK_BLOCK;Mr_Flourence;DIM:0;-718;63;374;|;-71;6;37
11/28/22 11:01 AM;RIGHT_CLICK_BLOCK;Mr_Flourence;DIM:0;-718;63;373;|;-71;6;37
11/28/22 11:01 AM;RIGHT_CLICK_BLOCK;Mr_Flourence;DIM:0;-718;63;372;|;-71;6;37
11/28/22 11:01 AM;LEFT_CLICK_BLOCK;Mr_Flourence;DIM:0;-705;63;405;|;-70;6;40
11/28/22 11:01 AM;RIGHT_CLICK_BLOCK;Mr_Flourence;DIM:0;-676;62;387;|;-67;6;38
11/28/22 11:04 AM;LEFT_CLICK_BLOCK;Mr_Flourence;DIM:0;-716;62;372;|;-71;6;37
11/28/22 11:04 AM;LEFT_CLICK_BLOCK;Mr_Flourence;DIM:0;-716;62;371;|;-71;6;37
11/28/22 11:04 AM;LEFT_CLICK_BLOCK;Mr_Flourence;DIM:0;-716;62;372;|;-71;6;37
11/28/22 11:04 AM;LEFT_CLICK_BLOCK;Mr_Flourence;DIM:0;-716;63;373;|;-71;6;37
11/28/22 11:04 AM;RIGHT_CLICK_BLOCK;Mr_Flourence;DIM:0;-714;63;374;|;-71;6;37
11/28/22 11:04 AM;RIGHT_CLICK_BLOCK;Mr_Flourence;DIM:0;-717;63;392;|;-71;6;39
11/28/22 11:04 AM;RIGHT_CLICK_BLOCK;Mr_Flourence;DIM:0;-711;63;406;|;-71;6;40
11/28/22 11:04 AM;LEFT_CLICK_BLOCK;Mr_Flourence;DIM:0;-705;63;402;|;-70;6;40
11/28/22 11:04 AM;RIGHT_CLICK_BLOCK;Mr_Flourence;DIM:0;-705;63;402;|;-70;6;40
11/28/22 11:04 AM;RIGHT_CLICK_BLOCK;Mr_Flourence;DIM:0;-730;64;386;|;-73;6;38
11/28/22 11:04 AM;RIGHT_CLICK_BLOCK;Mr_Flourence;DIM:0;-736;62;386;|;-73;6;38
11/28/22 11:04 AM;RIGHT_CLICK_BLOCK;Mr_Flourence;DIM:0;-735;62;385;|;-73;6;38
11/28/22 11:04 AM;RIGHT_CLICK_BLOCK;Mr_Flourence;DIM:0;-735;62;386;|;-73;6;38
11/28/22 11:04 AM;RIGHT_CLICK_BLOCK;Mr_Flourence;DIM:0;-735;62;384;|;-73;6;38
11/28/22 11:04 AM;RIGHT_CLICK_BLOCK;Mr_Flourence;DIM:0;-735;62;383;|;-73;6;38
11/28/22 11:04 AM;RIGHT_CLICK_BLOCK;Mr_Flourence;DIM:0;-735;62;382;|;-73;6;38
11/28/22 11:04 AM;RIGHT_CLICK_BLOCK;Mr_Flourence;DIM:0;-735;62;380;|;-73;6;38
11/28/22 11:04 AM;RIGHT_CLICK_BLOCK;Mr_Flourence;DIM:0;-735;62;378;|;-73;6;37
11/28/22 11:05 AM;RIGHT_CLICK_BLOCK;Mr_Flourence;DIM:0;-734;63;376;|;-73;6;37
11/28/22 11:05 AM;RIGHT_CLICK_BLOCK;Mr_Flourence;DIM:0;-725;62;374;|;-72;6;37
